build/app/intermediates/manifest_merge_blame_file/release/manifest-merger-blame-release-report.txt
1<?xml version="1.0" encoding="utf-8"?>
2<manifest xmlns:android="http://schemas.android.com/apk/res/android"
3    package="com.example.time_table_maker_app"
4    android:versionCode="1"
5    android:versionName="1.0.0" >
6
7    <uses-sdk
8        android:minSdkVersion="21"
8-->src\main\AndroidManifest.xml
9        android:targetSdkVersion="30" />
9-->src\main\AndroidManifest.xml
10
11    <uses-permission android:name="android.permission.INTERNET" />
11-->[:firebase_messaging] AndroidManifest.xml:9:5-67
11-->[:firebase_messaging] AndroidManifest.xml:9:22-64
12    <uses-permission android:name="android.permission.WAKE_LOCK" />
12-->[:firebase_messaging] AndroidManifest.xml:10:5-68
12-->[:firebase_messaging] AndroidManifest.xml:10:22-65
13    <uses-permission android:name="android.permission.ACCESS_NETWORK_STATE" /> <!-- Permissions options for the `notification` group -->
13-->[:firebase_messaging] AndroidManifest.xml:11:5-79
13-->[:firebase_messaging] AndroidManifest.xml:11:22-76
14    <uses-permission android:name="android.permission.POST_NOTIFICATIONS" />
14-->[:firebase_messaging] AndroidManifest.xml:13:5-77
14-->[:firebase_messaging] AndroidManifest.xml:13:22-74
15    <uses-permission android:name="android.permission.RECEIVE_BOOT_COMPLETED" />
15-->[:flutter_local_notifications] AndroidManifest.xml:9:5-81
15-->[:flutter_local_notifications] AndroidManifest.xml:9:22-78
16    <uses-permission android:name="android.permission.VIBRATE" />
16-->[:flutter_local_notifications] AndroidManifest.xml:10:5-66
16-->[:flutter_local_notifications] AndroidManifest.xml:10:22-63
17    <uses-permission android:name="android.permission.USE_FULL_SCREEN_INTENT" />
17-->[:flutter_local_notifications] AndroidManifest.xml:11:5-81
17-->[:flutter_local_notifications] AndroidManifest.xml:11:22-78
18    <uses-permission android:name="android.permission.FOREGROUND_SERVICE" /> <!-- Required by older versions of Google Play services to create IID tokens -->
18-->[:flutter_background_service_android] AndroidManifest.xml:9:5-77
18-->[:flutter_background_service_android] AndroidManifest.xml:9:22-74
19    <uses-permission android:name="com.google.android.c2dm.permission.RECEIVE" />
19-->[com.google.firebase:firebase-messaging:23.2.0] AndroidManifest.xml:28:5-82
19-->[com.google.firebase:firebase-messaging:23.2.0] AndroidManifest.xml:28:22-79
20    <uses-permission android:name="com.google.android.gms.permission.AD_ID" />
20-->[com.google.android.gms:play-services-measurement-api:21.3.0] AndroidManifest.xml:25:5-79
20-->[com.google.android.gms:play-services-measurement-api:21.3.0] AndroidManifest.xml:25:22-76
21    <uses-permission android:name="com.google.android.finsky.permission.BIND_GET_INSTALL_REFERRER_SERVICE" />
21-->[com.google.android.gms:play-services-measurement:21.3.0] AndroidManifest.xml:26:5-110
21-->[com.google.android.gms:play-services-measurement:21.3.0] AndroidManifest.xml:26:22-107
22
23    <application
24        android:name="android.app.Application"
24-->src\main\AndroidManifest.xml:5:9-42
25        android:appComponentFactory="androidx.core.app.CoreComponentFactory"
25-->[androidx.core:core:1.6.0] AndroidManifest.xml:24:18-86
26        android:icon="@mipmap/ic_launcher"
26-->src\main\AndroidManifest.xml:6:9-43
27        android:label="time_table_maker_app" >
27-->src\main\AndroidManifest.xml:4:9-45
28        <activity
28-->src\main\AndroidManifest.xml:7:9-27:20
29            android:name="com.example.time_table_maker_app.MainActivity"
29-->src\main\AndroidManifest.xml:8:13-41
30            android:configChanges="orientation|keyboardHidden|keyboard|screenSize|smallestScreenSize|locale|layoutDirection|fontScale|screenLayout|density|uiMode"
30-->src\main\AndroidManifest.xml:12:13-163
31            android:exported="true"
31-->src\main\AndroidManifest.xml:9:13-36
32            android:hardwareAccelerated="true"
32-->src\main\AndroidManifest.xml:13:13-47
33            android:launchMode="singleTop"
33-->src\main\AndroidManifest.xml:10:13-43
34            android:theme="@style/LaunchTheme"
34-->src\main\AndroidManifest.xml:11:13-47
35            android:windowSoftInputMode="adjustResize" >
35-->src\main\AndroidManifest.xml:14:13-55
36
37            <!--
38                 Specifies an Android theme to apply to this Activity as soon as
39                 the Android process has started. This theme is visible to the user
40                 while the Flutter UI initializes. After that, this theme continues
41                 to determine the Window background behind the Flutter UI.
42            -->
43            <meta-data
43-->src\main\AndroidManifest.xml:19:13-22:17
44                android:name="io.flutter.embedding.android.NormalTheme"
44-->src\main\AndroidManifest.xml:20:15-70
45                android:resource="@style/NormalTheme" />
45-->src\main\AndroidManifest.xml:21:15-52
46
47            <intent-filter>
47-->src\main\AndroidManifest.xml:23:13-26:29
48                <action android:name="android.intent.action.MAIN" />
48-->src\main\AndroidManifest.xml:24:17-68
48-->src\main\AndroidManifest.xml:24:25-66
49
50                <category android:name="android.intent.category.LAUNCHER" />
50-->src\main\AndroidManifest.xml:25:17-76
50-->src\main\AndroidManifest.xml:25:27-74
51            </intent-filter>
52        </activity>
53        <!--
54             Don't delete the meta-data below.
55             This is used by the Flutter tool to generate GeneratedPluginRegistrant.java
56        -->
57        <meta-data
57-->src\main\AndroidManifest.xml:30:9-32:33
58            android:name="flutterEmbedding"
58-->src\main\AndroidManifest.xml:31:13-44
59            android:value="2" />
59-->src\main\AndroidManifest.xml:32:13-30
60
61        <service
61-->[:firebase_messaging] AndroidManifest.xml:16:9-19:72
62            android:name="io.flutter.plugins.firebase.messaging.FlutterFirebaseMessagingBackgroundService"
62-->[:firebase_messaging] AndroidManifest.xml:17:13-107
63            android:exported="false"
63-->[:firebase_messaging] AndroidManifest.xml:18:13-37
64            android:permission="android.permission.BIND_JOB_SERVICE" />
64-->[:firebase_messaging] AndroidManifest.xml:19:13-69
65        <service
65-->[:firebase_messaging] AndroidManifest.xml:20:9-26:19
66            android:name="io.flutter.plugins.firebase.messaging.FlutterFirebaseMessagingService"
66-->[:firebase_messaging] AndroidManifest.xml:21:13-97
67            android:exported="false" >
67-->[:firebase_messaging] AndroidManifest.xml:22:13-37
68            <intent-filter>
68-->[:firebase_messaging] AndroidManifest.xml:23:13-25:29
69                <action android:name="com.google.firebase.MESSAGING_EVENT" />
69-->[:firebase_messaging] AndroidManifest.xml:24:17-78
69-->[:firebase_messaging] AndroidManifest.xml:24:25-75
70            </intent-filter>
71        </service>
72
73        <receiver
73-->[:firebase_messaging] AndroidManifest.xml:28:9-35:20
74            android:name="io.flutter.plugins.firebase.messaging.FlutterFirebaseMessagingReceiver"
74-->[:firebase_messaging] AndroidManifest.xml:29:13-98
75            android:exported="true"
75-->[:firebase_messaging] AndroidManifest.xml:30:13-36
76            android:permission="com.google.android.c2dm.permission.SEND" >
76-->[:firebase_messaging] AndroidManifest.xml:31:13-73
77            <intent-filter>
77-->[:firebase_messaging] AndroidManifest.xml:32:13-34:29
78                <action android:name="com.google.android.c2dm.intent.RECEIVE" />
78-->[:firebase_messaging] AndroidManifest.xml:33:17-81
78-->[:firebase_messaging] AndroidManifest.xml:33:25-78
79            </intent-filter>
80        </receiver>
81
82        <service
82-->[:firebase_messaging] AndroidManifest.xml:37:9-41:19
83            android:name="com.google.firebase.components.ComponentDiscoveryService"
83-->[:firebase_messaging] AndroidManifest.xml:37:18-89
84            android:directBootAware="true"
84-->[com.google.firebase:firebase-common:20.3.3] AndroidManifest.xml:34:13-43
85            android:exported="false" >
85-->[com.google.firebase:firebase-analytics-ktx:21.3.0] AndroidManifest.xml:10:13-37
86            <meta-data
86-->[:firebase_messaging] AndroidManifest.xml:38:13-40:85
87                android:name="com.google.firebase.components:io.flutter.plugins.firebase.messaging.FlutterFirebaseAppRegistrar"
87-->[:firebase_messaging] AndroidManifest.xml:39:17-128
88                android:value="com.google.firebase.components.ComponentRegistrar" />
88-->[:firebase_messaging] AndroidManifest.xml:40:17-82
89            <meta-data
89-->[:firebase_core] AndroidManifest.xml:11:13-13:85
90                android:name="com.google.firebase.components:io.flutter.plugins.firebase.core.FlutterFirebaseCoreRegistrar"
90-->[:firebase_core] AndroidManifest.xml:12:17-124
91                android:value="com.google.firebase.components.ComponentRegistrar" />
91-->[:firebase_core] AndroidManifest.xml:13:17-82
92            <meta-data
92-->[com.google.firebase:firebase-analytics-ktx:21.3.0] AndroidManifest.xml:11:13-13:85
93                android:name="com.google.firebase.components:com.google.firebase.analytics.ktx.FirebaseAnalyticsKtxRegistrar"
93-->[com.google.firebase:firebase-analytics-ktx:21.3.0] AndroidManifest.xml:12:17-126
94                android:value="com.google.firebase.components.ComponentRegistrar" />
94-->[com.google.firebase:firebase-analytics-ktx:21.3.0] AndroidManifest.xml:13:17-82
95            <meta-data
95-->[com.google.firebase:firebase-common-ktx:20.3.3] AndroidManifest.xml:14:13-16:85
96                android:name="com.google.firebase.components:com.google.firebase.ktx.FirebaseCommonKtxRegistrar"
96-->[com.google.firebase:firebase-common-ktx:20.3.3] AndroidManifest.xml:15:17-113
97                android:value="com.google.firebase.components.ComponentRegistrar" />
97-->[com.google.firebase:firebase-common-ktx:20.3.3] AndroidManifest.xml:16:17-82
98            <meta-data
98-->[com.google.firebase:firebase-messaging:23.2.0] AndroidManifest.xml:55:13-57:85
99                android:name="com.google.firebase.components:com.google.firebase.messaging.FirebaseMessagingRegistrar"
99-->[com.google.firebase:firebase-messaging:23.2.0] AndroidManifest.xml:56:17-119
100                android:value="com.google.firebase.components.ComponentRegistrar" />
100-->[com.google.firebase:firebase-messaging:23.2.0] AndroidManifest.xml:57:17-82
101            <meta-data
101-->[com.google.firebase:firebase-datatransport:18.1.7] AndroidManifest.xml:27:13-29:85
102                android:name="com.google.firebase.components:com.google.firebase.datatransport.TransportRegistrar"
102-->[com.google.firebase:firebase-datatransport:18.1.7] AndroidManifest.xml:28:17-115
103                android:value="com.google.firebase.components.ComponentRegistrar" />
103-->[com.google.firebase:firebase-datatransport:18.1.7] AndroidManifest.xml:29:17-82
104            <meta-data
104-->[com.google.android.gms:play-services-measurement-api:21.3.0] AndroidManifest.xml:31:13-33:85
105                android:name="com.google.firebase.components:com.google.firebase.analytics.connector.internal.AnalyticsConnectorRegistrar"
105-->[com.google.android.gms:play-services-measurement-api:21.3.0] AndroidManifest.xml:32:17-139
106                android:value="com.google.firebase.components.ComponentRegistrar" />
106-->[com.google.android.gms:play-services-measurement-api:21.3.0] AndroidManifest.xml:33:17-82
107            <meta-data
107-->[com.google.firebase:firebase-installations:17.1.3] AndroidManifest.xml:17:13-19:85
108                android:name="com.google.firebase.components:com.google.firebase.installations.FirebaseInstallationsRegistrar"
108-->[com.google.firebase:firebase-installations:17.1.3] AndroidManifest.xml:18:17-127
109                android:value="com.google.firebase.components.ComponentRegistrar" />
109-->[com.google.firebase:firebase-installations:17.1.3] AndroidManifest.xml:19:17-82
110        </service>
111
112        <provider
112-->[:firebase_messaging] AndroidManifest.xml:43:9-47:38
113            android:name="io.flutter.plugins.firebase.messaging.FlutterFirebaseMessagingInitProvider"
113-->[:firebase_messaging] AndroidManifest.xml:44:13-102
114            android:authorities="com.example.time_table_maker_app.flutterfirebasemessaginginitprovider"
114-->[:firebase_messaging] AndroidManifest.xml:45:13-88
115            android:exported="false"
115-->[:firebase_messaging] AndroidManifest.xml:46:13-37
116            android:initOrder="99" />
116-->[:firebase_messaging] AndroidManifest.xml:47:13-35
117
118        <receiver android:name="com.dexterous.flutterlocalnotifications.ScheduledNotificationReceiver" />
118-->[:flutter_local_notifications] AndroidManifest.xml:14:9-106
118-->[:flutter_local_notifications] AndroidManifest.xml:14:19-103
119        <receiver android:name="com.dexterous.flutterlocalnotifications.ScheduledNotificationBootReceiver" >
119-->[:flutter_local_notifications] AndroidManifest.xml:15:9-22:20
119-->[:flutter_local_notifications] AndroidManifest.xml:15:19-107
120            <intent-filter>
120-->[:flutter_local_notifications] AndroidManifest.xml:16:13-21:29
121                <action android:name="android.intent.action.BOOT_COMPLETED" />
121-->[:flutter_local_notifications] AndroidManifest.xml:17:17-79
121-->[:flutter_local_notifications] AndroidManifest.xml:17:25-76
122                <action android:name="android.intent.action.MY_PACKAGE_REPLACED" />
122-->[:flutter_local_notifications] AndroidManifest.xml:18:17-84
122-->[:flutter_local_notifications] AndroidManifest.xml:18:25-81
123                <action android:name="android.intent.action.QUICKBOOT_POWERON" />
123-->[:flutter_local_notifications] AndroidManifest.xml:19:17-82
123-->[:flutter_local_notifications] AndroidManifest.xml:19:25-79
124                <action android:name="com.htc.intent.action.QUICKBOOT_POWERON" />
124-->[:flutter_local_notifications] AndroidManifest.xml:20:17-82
124-->[:flutter_local_notifications] AndroidManifest.xml:20:25-79
125            </intent-filter>
126        </receiver>
127
128        <service
128-->[:flutter_background_service_android] AndroidManifest.xml:14:9-18:44
129            android:name="id.flutter.flutter_background_service.BackgroundService"
129-->[:flutter_background_service_android] AndroidManifest.xml:15:13-83
130            android:enabled="true"
130-->[:flutter_background_service_android] AndroidManifest.xml:16:13-35
131            android:exported="true"
131-->[:flutter_background_service_android] AndroidManifest.xml:17:13-36
132            android:stopWithTask="false" />
132-->[:flutter_background_service_android] AndroidManifest.xml:18:13-41
133
134        <receiver
134-->[:flutter_background_service_android] AndroidManifest.xml:20:9-23:39
135            android:name="id.flutter.flutter_background_service.WatchdogReceiver"
135-->[:flutter_background_service_android] AndroidManifest.xml:21:13-82
136            android:enabled="true"
136-->[:flutter_background_service_android] AndroidManifest.xml:22:13-35
137            android:exported="true" />
137-->[:flutter_background_service_android] AndroidManifest.xml:23:13-36
138        <receiver
138-->[:flutter_background_service_android] AndroidManifest.xml:24:9-32:20
139            android:name="id.flutter.flutter_background_service.BootReceiver"
139-->[:flutter_background_service_android] AndroidManifest.xml:25:13-78
140            android:enabled="true"
140-->[:flutter_background_service_android] AndroidManifest.xml:26:13-35
141            android:exported="true" >
141-->[:flutter_background_service_android] AndroidManifest.xml:27:13-36
142            <intent-filter>
142-->[:flutter_background_service_android] AndroidManifest.xml:28:13-31:29
143                <action android:name="android.intent.action.BOOT_COMPLETED" />
143-->[:flutter_local_notifications] AndroidManifest.xml:17:17-79
143-->[:flutter_local_notifications] AndroidManifest.xml:17:25-76
144                <action android:name="android.intent.action.QUICKBOOT_POWERON" />
144-->[:flutter_local_notifications] AndroidManifest.xml:19:17-82
144-->[:flutter_local_notifications] AndroidManifest.xml:19:25-79
145            </intent-filter>
146        </receiver>
147
148        <uses-library
148-->[androidx.window:window:1.0.0-beta04] AndroidManifest.xml:25:9-27:40
149            android:name="androidx.window.extensions"
149-->[androidx.window:window:1.0.0-beta04] AndroidManifest.xml:26:13-54
150            android:required="false" />
150-->[androidx.window:window:1.0.0-beta04] AndroidManifest.xml:27:13-37
151        <uses-library
151-->[androidx.window:window:1.0.0-beta04] AndroidManifest.xml:28:9-30:40
152            android:name="androidx.window.sidecar"
152-->[androidx.window:window:1.0.0-beta04] AndroidManifest.xml:29:13-51
153            android:required="false" />
153-->[androidx.window:window:1.0.0-beta04] AndroidManifest.xml:30:13-37
154
155        <receiver
155-->[com.google.firebase:firebase-messaging:23.2.0] AndroidManifest.xml:31:9-38:20
156            android:name="com.google.firebase.iid.FirebaseInstanceIdReceiver"
156-->[com.google.firebase:firebase-messaging:23.2.0] AndroidManifest.xml:32:13-78
157            android:exported="true"
157-->[com.google.firebase:firebase-messaging:23.2.0] AndroidManifest.xml:33:13-36
158            android:permission="com.google.android.c2dm.permission.SEND" >
158-->[com.google.firebase:firebase-messaging:23.2.0] AndroidManifest.xml:34:13-73
159            <intent-filter>
159-->[:firebase_messaging] AndroidManifest.xml:32:13-34:29
160                <action android:name="com.google.android.c2dm.intent.RECEIVE" />
160-->[:firebase_messaging] AndroidManifest.xml:33:17-81
160-->[:firebase_messaging] AndroidManifest.xml:33:25-78
161            </intent-filter>
162        </receiver>
163        <!--
164             FirebaseMessagingService performs security checks at runtime,
165             but set to not exported to explicitly avoid allowing another app to call it.
166        -->
167        <service
167-->[com.google.firebase:firebase-messaging:23.2.0] AndroidManifest.xml:44:9-51:19
168            android:name="com.google.firebase.messaging.FirebaseMessagingService"
168-->[com.google.firebase:firebase-messaging:23.2.0] AndroidManifest.xml:45:13-82
169            android:directBootAware="true"
169-->[com.google.firebase:firebase-messaging:23.2.0] AndroidManifest.xml:46:13-43
170            android:exported="false" >
170-->[com.google.firebase:firebase-messaging:23.2.0] AndroidManifest.xml:47:13-37
171            <intent-filter android:priority="-500" >
171-->[:firebase_messaging] AndroidManifest.xml:23:13-25:29
172                <action android:name="com.google.firebase.MESSAGING_EVENT" />
172-->[:firebase_messaging] AndroidManifest.xml:24:17-78
172-->[:firebase_messaging] AndroidManifest.xml:24:25-75
173            </intent-filter>
174        </service>
175        <service
175-->[com.google.android.datatransport:transport-backend-cct:3.1.8] AndroidManifest.xml:28:9-34:19
176            android:name="com.google.android.datatransport.runtime.backends.TransportBackendDiscovery"
176-->[com.google.android.datatransport:transport-backend-cct:3.1.8] AndroidManifest.xml:29:13-103
177            android:exported="false" >
177-->[com.google.android.datatransport:transport-backend-cct:3.1.8] AndroidManifest.xml:30:13-37
178            <meta-data
178-->[com.google.android.datatransport:transport-backend-cct:3.1.8] AndroidManifest.xml:31:13-33:39
179                android:name="backend:com.google.android.datatransport.cct.CctBackendFactory"
179-->[com.google.android.datatransport:transport-backend-cct:3.1.8] AndroidManifest.xml:32:17-94
180                android:value="cct" />
180-->[com.google.android.datatransport:transport-backend-cct:3.1.8] AndroidManifest.xml:33:17-36
181        </service>
182        <service
182-->[com.google.android.datatransport:transport-runtime:3.1.8] AndroidManifest.xml:26:9-30:19
183            android:name="com.google.android.datatransport.runtime.scheduling.jobscheduling.JobInfoSchedulerService"
183-->[com.google.android.datatransport:transport-runtime:3.1.8] AndroidManifest.xml:27:13-117
184            android:exported="false"
184-->[com.google.android.datatransport:transport-runtime:3.1.8] AndroidManifest.xml:28:13-37
185            android:permission="android.permission.BIND_JOB_SERVICE" >
185-->[com.google.android.datatransport:transport-runtime:3.1.8] AndroidManifest.xml:29:13-69
186        </service>
187
188        <receiver
188-->[com.google.android.datatransport:transport-runtime:3.1.8] AndroidManifest.xml:32:9-34:40
189            android:name="com.google.android.datatransport.runtime.scheduling.jobscheduling.AlarmManagerSchedulerBroadcastReceiver"
189-->[com.google.android.datatransport:transport-runtime:3.1.8] AndroidManifest.xml:33:13-132
190            android:exported="false" />
190-->[com.google.android.datatransport:transport-runtime:3.1.8] AndroidManifest.xml:34:13-37
191
192        <provider
192-->[com.google.firebase:firebase-common:20.3.3] AndroidManifest.xml:25:9-30:39
193            android:name="com.google.firebase.provider.FirebaseInitProvider"
193-->[com.google.firebase:firebase-common:20.3.3] AndroidManifest.xml:26:13-77
194            android:authorities="com.example.time_table_maker_app.firebaseinitprovider"
194-->[com.google.firebase:firebase-common:20.3.3] AndroidManifest.xml:27:13-72
195            android:directBootAware="true"
195-->[com.google.firebase:firebase-common:20.3.3] AndroidManifest.xml:28:13-43
196            android:exported="false"
196-->[com.google.firebase:firebase-common:20.3.3] AndroidManifest.xml:29:13-37
197            android:initOrder="100" />
197-->[com.google.firebase:firebase-common:20.3.3] AndroidManifest.xml:30:13-36
198
199        <receiver
199-->[com.google.android.gms:play-services-measurement:21.3.0] AndroidManifest.xml:29:9-33:20
200            android:name="com.google.android.gms.measurement.AppMeasurementReceiver"
200-->[com.google.android.gms:play-services-measurement:21.3.0] AndroidManifest.xml:30:13-85
201            android:enabled="true"
201-->[com.google.android.gms:play-services-measurement:21.3.0] AndroidManifest.xml:31:13-35
202            android:exported="false" >
202-->[com.google.android.gms:play-services-measurement:21.3.0] AndroidManifest.xml:32:13-37
203        </receiver>
204
205        <service
205-->[com.google.android.gms:play-services-measurement:21.3.0] AndroidManifest.xml:35:9-38:40
206            android:name="com.google.android.gms.measurement.AppMeasurementService"
206-->[com.google.android.gms:play-services-measurement:21.3.0] AndroidManifest.xml:36:13-84
207            android:enabled="true"
207-->[com.google.android.gms:play-services-measurement:21.3.0] AndroidManifest.xml:37:13-35
208            android:exported="false" />
208-->[com.google.android.gms:play-services-measurement:21.3.0] AndroidManifest.xml:38:13-37
209        <service
209-->[com.google.android.gms:play-services-measurement:21.3.0] AndroidManifest.xml:39:9-43:72
210            android:name="com.google.android.gms.measurement.AppMeasurementJobService"
210-->[com.google.android.gms:play-services-measurement:21.3.0] AndroidManifest.xml:40:13-87
211            android:enabled="true"
211-->[com.google.android.gms:play-services-measurement:21.3.0] AndroidManifest.xml:41:13-35
212            android:exported="false"
212-->[com.google.android.gms:play-services-measurement:21.3.0] AndroidManifest.xml:42:13-37
213            android:permission="android.permission.BIND_JOB_SERVICE" />
213-->[com.google.android.gms:play-services-measurement:21.3.0] AndroidManifest.xml:43:13-69
214
215        <activity
215-->[com.google.android.gms:play-services-base:18.0.1] AndroidManifest.xml:20:9-22:45
216            android:name="com.google.android.gms.common.api.GoogleApiActivity"
216-->[com.google.android.gms:play-services-base:18.0.1] AndroidManifest.xml:20:19-85
217            android:exported="false"
217-->[com.google.android.gms:play-services-base:18.0.1] AndroidManifest.xml:22:19-43
218            android:theme="@android:style/Theme.Translucent.NoTitleBar" />
218-->[com.google.android.gms:play-services-base:18.0.1] AndroidManifest.xml:21:19-78
219
220        <meta-data
220-->[com.google.android.gms:play-services-basement:18.1.0] AndroidManifest.xml:21:9-23:69
221            android:name="com.google.android.gms.version"
221-->[com.google.android.gms:play-services-basement:18.1.0] AndroidManifest.xml:22:13-58
222            android:value="@integer/google_play_services_version" />
222-->[com.google.android.gms:play-services-basement:18.1.0] AndroidManifest.xml:23:13-66
223    </application>
224
225</manifest>